gyp info it worked if it ends with ok
gyp info using node-gyp@8.3.0
gyp info using node@16.13.2 | win32 | x64
gyp info find Python using Python version 3.10.2 found at "C:\Python310\python.exe"
gyp http GET https://nodejs.org/download/release/v16.13.2/node-v16.13.2-headers.tar.gz
gyp http 200 https://nodejs.org/download/release/v16.13.2/node-v16.13.2-headers.tar.gz
gyp http GET https://nodejs.org/download/release/v16.13.2/SHASUMS256.txt
gyp http GET https://nodejs.org/download/release/v16.13.2/win-x86/node.lib
gyp http GET https://nodejs.org/download/release/v16.13.2/win-arm64/node.lib
gyp http GET https://nodejs.org/download/release/v16.13.2/win-x64/node.lib
gyp http 200 https://nodejs.org/download/release/v16.13.2/SHASUMS256.txt
gyp http 404 https://nodejs.org/download/release/v16.13.2/win-arm64/node.lib
gyp http 200 https://nodejs.org/download/release/v16.13.2/win-x86/node.lib
gyp http 200 https://nodejs.org/download/release/v16.13.2/win-x64/node.lib
gyp info find VS using VS2019 (16.11.32002.261) found at:
gyp info find VS "C:\Program Files (x86)\Microsoft Visual Studio\2019\BuildTools"
gyp info find VS run with --verbose for detailed information
gyp info spawn C:\Python310\python.exe
gyp info spawn args [
gyp info spawn args   'C:\\Program Files\\nodejs\\node_modules\\npm\\node_modules\\node-gyp\\gyp\\gyp_main.py',
gyp info spawn args   'binding.gyp',
gyp info spawn args   '-f',
gyp info spawn args   'msvs',
gyp info spawn args   '-I',
gyp info spawn args   'D:\\Download2\\tech\\JavaScript30\\19 - Webcam Fun\\node_modules\\uws\\build\\config.gypi',
gyp info spawn args   '-I',
gyp info spawn args   'C:\\Program Files\\nodejs\\node_modules\\npm\\node_modules\\node-gyp\\addon.gypi',
gyp info spawn args   '-I',
gyp info spawn args   'C:\\Users\\Krita\\AppData\\Local\\node-gyp\\Cache\\16.13.2\\include\\node\\common.gypi',
gyp info spawn args   '-Dlibrary=shared_library',
gyp info spawn args   '-Dvisibility=default',
gyp info spawn args   '-Dnode_root_dir=C:\\Users\\Krita\\AppData\\Local\\node-gyp\\Cache\\16.13.2',
gyp info spawn args   '-Dnode_gyp_dir=C:\\Program Files\\nodejs\\node_modules\\npm\\node_modules\\node-gyp',
gyp info spawn args   '-Dnode_lib_file=C:\\\\Users\\\\Krita\\\\AppData\\\\Local\\\\node-gyp\\\\Cache\\\\16.13.2\\\\<(target_arch)\\\\node.lib',
gyp info spawn args   '-Dmodule_root_dir=D:\\Download2\\tech\\JavaScript30\\19 - Webcam Fun\\node_modules\\uws',
gyp info spawn args   '-Dnode_engine=v8',
gyp info spawn args   '--depth=.',
gyp info spawn args   '--no-parallel',
gyp info spawn args   '--generator-output',
gyp info spawn args   'D:\\Download2\\tech\\JavaScript30\\19 - Webcam Fun\\node_modules\\uws\\build',
gyp info spawn args   '-Goutput_dir=.'
gyp info spawn args ]
gyp info spawn C:\Program Files (x86)\Microsoft Visual Studio\2019\BuildTools\MSBuild\Current\Bin\MSBuild.exe
gyp info spawn args [
gyp info spawn args   'build/binding.sln',
gyp info spawn args   '/clp:Verbosity=minimal',
gyp info spawn args   '/nologo',
gyp info spawn args   '/p:Configuration=Release;Platform=x64'
gyp info spawn args ]
Building the projects in this solution one at a time. To enable parallel build, please add the "-m" switch.
  Extensions.cpp
  Group.cpp
  Networking.cpp
  Hub.cpp
D:\Download2\tech\JavaScript30\19 - Webcam Fun\node_modules\uws\src\Hub.cpp(127,17): warning C4530: C++ exception handler used, but unwind semantics are not enabled. Specify /EHsc [D:\Download2\tech\JavaScript30\19 - Webcam Fun\node_modules\uws\build\uws.vcxproj]
  Node.cpp
  WebSocket.cpp
  HTTPSocket.cpp
  Socket.cpp
  addon.cpp
D:\Download2\tech\JavaScript30\19 - Webcam Fun\node_modules\uws\src\addon.h(21,15): warning C4996: 'node::MakeCallback': was declared deprecated [D:\Download2\tech\JavaScript30\19 - Webcam Fun\node_modules\uws\build\uws.vcxproj]
D:\Download2\tech\JavaScript30\19 - Webcam Fun\node_modules\uws\src\addon.h(37,1): error C2664: 'v8::String::Utf8Value::Utf8Value(const v8::String::Utf8Value &)': cannot convert argument 1 from 'const v8::Local<v8::Value>' to 'const v8::String::Utf8Value &' [D:\Download2\tech\JavaScript30\19 - Webcam Fun\node_modules\uws\build\uws.vcxproj]
D:\Download2\tech\JavaScript30\19 - Webcam Fun\node_modules\uws\src\addon.h(37,1): message : Reason: cannot convert from 'const v8::Local<v8::Value>' to 'const v8::String::Utf8Value' [D:\Download2\tech\JavaScript30\19 - Webcam Fun\node_modules\uws\build\uws.vcxproj]
D:\Download2\tech\JavaScript30\19 - Webcam Fun\node_modules\uws\src\addon.h(37,65): message : No user-defined-conversion operator available that can perform this conversion, or the operator cannot be called [D:\Download2\tech\JavaScript30\19 - Webcam Fun\node_modules\uws\build\uws.vcxproj]
C:\Users\Krita\AppData\Local\node-gyp\Cache\16.13.2\include\node\v8.h(3588,5): message : see declaration of 'v8::String::Utf8Value::Utf8Value' [D:\Download2\tech\JavaScript30\19 - Webcam Fun\node_modules\uws\build\uws.vcxproj]
D:\Download2\tech\JavaScript30\19 - Webcam Fun\node_modules\uws\src\addon.h(45,71): warning C4996: 'v8::ArrayBuffer::GetContents': Use GetBackingStore. See http://crbug.com/v8/9908. [D:\Download2\tech\JavaScript30\19 - Webcam Fun\node_modules\uws\build\uws.vcxproj]
D:\Download2\tech\JavaScript30\19 - Webcam Fun\node_modules\uws\src\addon.h(50,57): warning C4996: 'v8::ArrayBuffer::GetContents': Use GetBackingStore. See http://crbug.com/v8/9908. [D:\Download2\tech\JavaScript30\19 - Webcam Fun\node_modules\uws\build\uws.vcxproj]
D:\Download2\tech\JavaScript30\19 - Webcam Fun\node_modules\uws\src\addon.h(102,174): error C2039: 'kNormalString': is not a member of 'v8::String' [D:\Download2\tech\JavaScript30\19 - Webcam Fun\node_modules\uws\build\uws.vcxproj]
C:\Users\Krita\AppData\Local\node-gyp\Cache\16.13.2\include\node\v8.h(3198): message : see declaration of 'v8::String' [D:\Download2\tech\JavaScript30\19 - Webcam Fun\node_modules\uws\build\uws.vcxproj]
D:\Download2\tech\JavaScript30\19 - Webcam Fun\node_modules\uws\src\addon.h(102,187): error C2065: 'kNormalString': undeclared identifier [D:\Download2\tech\JavaScript30\19 - Webcam Fun\node_modules\uws\build\uws.vcxproj]
D:\Download2\tech\JavaScript30\19 - Webcam Fun\node_modules\uws\src\addon.h(223,60): error C2660: 'v8::Value::ToObject': function does not take 0 arguments [D:\Download2\tech\JavaScript30\19 - Webcam Fun\node_modules\uws\build\uws.vcxproj]
C:\Users\Krita\AppData\Local\node-gyp\Cache\16.13.2\include\node\v8.h(3060,44): message : see declaration of 'v8::Value::ToObject' [D:\Download2\tech\JavaScript30\19 - Webcam Fun\node_modules\uws\build\uws.vcxproj]
D:\Download2\tech\JavaScript30\19 - Webcam Fun\node_modules\uws\src\addon.h(225,44): error C2660: 'v8::Value::IntegerValue': function does not take 0 arguments [D:\Download2\tech\JavaScript30\19 - Webcam Fun\node_modules\uws\build\uws.vcxproj]
C:\Users\Krita\AppData\Local\node-gyp\Cache\16.13.2\include\node\v8.h(3101,40): message : see declaration of 'v8::Value::IntegerValue' [D:\Download2\tech\JavaScript30\19 - Webcam Fun\node_modules\uws\build\uws.vcxproj]
D:\Download2\tech\JavaScript30\19 - Webcam Fun\node_modules\uws\src\addon.h(339,15): warning C4996: 'node::MakeCallback': was declared deprecated [D:\Download2\tech\JavaScript30\19 - Webcam Fun\node_modules\uws\build\uws.vcxproj]
D:\Download2\tech\JavaScript30\19 - Webcam Fun\node_modules\uws\src\addon.h(403,1): error C2660: 'v8::Function::Call': function does not take 3 arguments [D:\Download2\tech\JavaScript30\19 - Webcam Fun\node_modules\uws\build\uws.vcxproj]
C:\Users\Krita\AppData\Local\node-gyp\Cache\16.13.2\include\node\v8.h(4776,43): message : see declaration of 'v8::Function::Call' [D:\Download2\tech\JavaScript30\19 - Webcam Fun\node_modules\uws\build\uws.vcxproj]
D:\Download2\tech\JavaScript30\19 - Webcam Fun\node_modules\uws\src\addon.h(416,48): error C2660: 'v8::Value::IntegerValue': function does not take 0 arguments [D:\Download2\tech\JavaScript30\19 - Webcam Fun\node_modules\uws\build\uws.vcxproj]
C:\Users\Krita\AppData\Local\node-gyp\Cache\16.13.2\include\node\v8.h(3101,40): message : see declaration of 'v8::Value::IntegerValue' [D:\Download2\tech\JavaScript30\19 - Webcam Fun\node_modules\uws\build\uws.vcxproj]
D:\Download2\tech\JavaScript30\19 - Webcam Fun\node_modules\uws\src\addon.h(425,38): error C2660: 'v8::Value::IntegerValue': function does not take 0 arguments [D:\Download2\tech\JavaScript30\19 - Webcam Fun\node_modules\uws\build\uws.vcxproj]
C:\Users\Krita\AppData\Local\node-gyp\Cache\16.13.2\include\node\v8.h(3101,40): message : see declaration of 'v8::Value::IntegerValue' [D:\Download2\tech\JavaScript30\19 - Webcam Fun\node_modules\uws\build\uws.vcxproj]
D:\Download2\tech\JavaScript30\19 - Webcam Fun\node_modules\uws\src\http.h(31,123): error C2039: 'kNormalString': is not a member of 'v8::String' [D:\Download2\tech\JavaScript30\19 - Webcam Fun\node_modules\uws\build\uws.vcxproj]
C:\Users\Krita\AppData\Local\node-gyp\Cache\16.13.2\include\node\v8.h(3198): message : see declaration of 'v8::String' [D:\Download2\tech\JavaScript30\19 - Webcam Fun\node_modules\uws\build\uws.vcxproj]
D:\Download2\tech\JavaScript30\19 - Webcam Fun\node_modules\uws\src\http.h(31,1): error C2065: 'kNormalString': undeclared identifier [D:\Download2\tech\JavaScript30\19 - Webcam Fun\node_modules\uws\build\uws.vcxproj]
D:\Download2\tech\JavaScript30\19 - Webcam Fun\node_modules\uws\src\http.h(42,1): warning C4311: 'type cast': pointer truncation from 'void *' to 'long' [D:\Download2\tech\JavaScript30\19 - Webcam Fun\node_modules\uws\build\uws.vcxproj]
D:\Download2\tech\JavaScript30\19 - Webcam Fun\node_modules\uws\src\http.h(42,1): warning C4302: 'type cast': truncation from 'void *' to 'long' [D:\Download2\tech\JavaScript30\19 - Webcam Fun\node_modules\uws\build\uws.vcxproj]
D:\Download2\tech\JavaScript30\19 - Webcam Fun\node_modules\uws\src\http.h(45,112): error C2039: 'kNormalString': is not a member of 'v8::String' [D:\Download2\tech\JavaScript30\19 - Webcam Fun\node_modules\uws\build\uws.vcxproj]
C:\Users\Krita\AppData\Local\node-gyp\Cache\16.13.2\include\node\v8.h(3198): message : see declaration of 'v8::String' [D:\Download2\tech\JavaScript30\19 - Webcam Fun\node_modules\uws\build\uws.vcxproj]
D:\Download2\tech\JavaScript30\19 - Webcam Fun\node_modules\uws\src\http.h(45,1): error C2065: 'kNormalString': undeclared identifier [D:\Download2\tech\JavaScript30\19 - Webcam Fun\node_modules\uws\build\uws.vcxproj]
D:\Download2\tech\JavaScript30\19 - Webcam Fun\node_modules\uws\src\http.h(48,112): error C2039: 'kNormalString': is not a member of 'v8::String' [D:\Download2\tech\JavaScript30\19 - Webcam Fun\node_modules\uws\build\uws.vcxproj]
C:\Users\Krita\AppData\Local\node-gyp\Cache\16.13.2\include\node\v8.h(3198): message : see declaration of 'v8::String' [D:\Download2\tech\JavaScript30\19 - Webcam Fun\node_modules\uws\build\uws.vcxproj]
D:\Download2\tech\JavaScript30\19 - Webcam Fun\node_modules\uws\src\http.h(48,1): error C2065: 'kNormalString': undeclared identifier [D:\Download2\tech\JavaScript30\19 - Webcam Fun\node_modules\uws\build\uws.vcxproj]
D:\Download2\tech\JavaScript30\19 - Webcam Fun\node_modules\uws\src\http.h(51,113): error C2039: 'kNormalString': is not a member of 'v8::String' [D:\Download2\tech\JavaScript30\19 - Webcam Fun\node_modules\uws\build\uws.vcxproj]
C:\Users\Krita\AppData\Local\node-gyp\Cache\16.13.2\include\node\v8.h(3198): message : see declaration of 'v8::String' [D:\Download2\tech\JavaScript30\19 - Webcam Fun\node_modules\uws\build\uws.vcxproj]
D:\Download2\tech\JavaScript30\19 - Webcam Fun\node_modules\uws\src\http.h(51,1): error C2065: 'kNormalString': undeclared identifier [D:\Download2\tech\JavaScript30\19 - Webcam Fun\node_modules\uws\build\uws.vcxproj]
D:\Download2\tech\JavaScript30\19 - Webcam Fun\node_modules\uws\src\http.h(54,113): error C2039: 'kNormalString': is not a member of 'v8::String' [D:\Download2\tech\JavaScript30\19 - Webcam Fun\node_modules\uws\build\uws.vcxproj]
C:\Users\Krita\AppData\Local\node-gyp\Cache\16.13.2\include\node\v8.h(3198): message : see declaration of 'v8::String' [D:\Download2\tech\JavaScript30\19 - Webcam Fun\node_modules\uws\build\uws.vcxproj]
D:\Download2\tech\JavaScript30\19 - Webcam Fun\node_modules\uws\src\http.h(54,1): error C2065: 'kNormalString': undeclared identifier [D:\Download2\tech\JavaScript30\19 - Webcam Fun\node_modules\uws\build\uws.vcxproj]
D:\Download2\tech\JavaScript30\19 - Webcam Fun\node_modules\uws\src\http.h(57,114): error C2039: 'kNormalString': is not a member of 'v8::String' [D:\Download2\tech\JavaScript30\19 - Webcam Fun\node_modules\uws\build\uws.vcxproj]
C:\Users\Krita\AppData\Local\node-gyp\Cache\16.13.2\include\node\v8.h(3198): message : see declaration of 'v8::String' [D:\Download2\tech\JavaScript30\19 - Webcam Fun\node_modules\uws\build\uws.vcxproj]
D:\Download2\tech\JavaScript30\19 - Webcam Fun\node_modules\uws\src\http.h(57,1): error C2065: 'kNormalString': undeclared identifier [D:\Download2\tech\JavaScript30\19 - Webcam Fun\node_modules\uws\build\uws.vcxproj]
D:\Download2\tech\JavaScript30\19 - Webcam Fun\node_modules\uws\src\http.h(60,114): error C2039: 'kNormalString': is not a member of 'v8::String' [D:\Download2\tech\JavaScript30\19 - Webcam Fun\node_modules\uws\build\uws.vcxproj]
C:\Users\Krita\AppData\Local\node-gyp\Cache\16.13.2\include\node\v8.h(3198): message : see declaration of 'v8::String' [D:\Download2\tech\JavaScript30\19 - Webcam Fun\node_modules\uws\build\uws.vcxproj]
D:\Download2\tech\JavaScript30\19 - Webcam Fun\node_modules\uws\src\http.h(60,1): error C2065: 'kNormalString': undeclared identifier [D:\Download2\tech\JavaScript30\19 - Webcam Fun\node_modules\uws\build\uws.vcxproj]
D:\Download2\tech\JavaScript30\19 - Webcam Fun\node_modules\uws\src\http.h(63,115): error C2039: 'kNormalString': is not a member of 'v8::String' [D:\Download2\tech\JavaScript30\19 - Webcam Fun\node_modules\uws\build\uws.vcxproj]
C:\Users\Krita\AppData\Local\node-gyp\Cache\16.13.2\include\node\v8.h(3198): message : see declaration of 'v8::String' [D:\Download2\tech\JavaScript30\19 - Webcam Fun\node_modules\uws\build\uws.vcxproj]
D:\Download2\tech\JavaScript30\19 - Webcam Fun\node_modules\uws\src\http.h(63,1): error C2065: 'kNormalString': undeclared identifier [D:\Download2\tech\JavaScript30\19 - Webcam Fun\node_modules\uws\build\uws.vcxproj]
D:\Download2\tech\JavaScript30\19 - Webcam Fun\node_modules\uws\src\http.h(66,116): error C2039: 'kNormalString': is not a member of 'v8::String' [D:\Download2\tech\JavaScript30\19 - Webcam Fun\node_modules\uws\build\uws.vcxproj]
C:\Users\Krita\AppData\Local\node-gyp\Cache\16.13.2\include\node\v8.h(3198): message : see declaration of 'v8::String' [D:\Download2\tech\JavaScript30\19 - Webcam Fun\node_modules\uws\build\uws.vcxproj]
D:\Download2\tech\JavaScript30\19 - Webcam Fun\node_modules\uws\src\http.h(66,1): error C2065: 'kNormalString': undeclared identifier [D:\Download2\tech\JavaScript30\19 - Webcam Fun\node_modules\uws\build\uws.vcxproj]
D:\Download2\tech\JavaScript30\19 - Webcam Fun\node_modules\uws\src\http.h(69,116): error C2039: 'kNormalString': is not a member of 'v8::String' [D:\Download2\tech\JavaScript30\19 - Webcam Fun\node_modules\uws\build\uws.vcxproj]
C:\Users\Krita\AppData\Local\node-gyp\Cache\16.13.2\include\node\v8.h(3198): message : see declaration of 'v8::String' [D:\Download2\tech\JavaScript30\19 - Webcam Fun\node_modules\uws\build\uws.vcxproj]
D:\Download2\tech\JavaScript30\19 - Webcam Fun\node_modules\uws\src\http.h(69,1): error C2065: 'kNormalString': undeclared identifier [D:\Download2\tech\JavaScript30\19 - Webcam Fun\node_modules\uws\build\uws.vcxproj]
D:\Download2\tech\JavaScript30\19 - Webcam Fun\node_modules\uws\src\http.h(90,1): error C2664: 'void v8::FunctionTemplate::SetClassName(v8::Local<v8::String>)': cannot convert argument 1 from 'v8::MaybeLocal<v8::String>' to 'v8::Local<v8::String>' [D:\Download2\tech\JavaScript30\19 - Webcam Fun\node_modules\uws\build\uws.vcxproj]
D:\Download2\tech\JavaScript30\19 - Webcam Fun\node_modules\uws\src\http.h(90,63): message : No user-defined-conversion operator available that can perform this conversion, or the operator cannot be called [D:\Download2\tech\JavaScript30\19 - Webcam Fun\node_modules\uws\build\uws.vcxproj]
C:\Users\Krita\AppData\Local\node-gyp\Cache\16.13.2\include\node\v8.h(6868,8): message : see declaration of 'v8::FunctionTemplate::SetClassName' [D:\Download2\tech\JavaScript30\19 - Webcam Fun\node_modules\uws\build\uws.vcxproj]
D:\Download2\tech\JavaScript30\19 - Webcam Fun\node_modules\uws\src\http.h(92,1): error C2664: 'void v8::ObjectTemplate::SetAccessor(v8::Local<v8::String>,v8::AccessorGetterCallback,v8::AccessorSetterCallback,v8::Local<v8::Value>,v8::AccessControl,v8::PropertyAttribute,v8::Local<v8::AccessorSignature>,v8::SideEffectType,v8::SideEffectType)': cannot convert argument 1 from 'v8::MaybeLocal<v8::String>' to 'v8::Local<v8::String>' [D:\Download2\tech\JavaScript30\19 - Webcam Fun\node_modules\uws\build\uws.vcxproj]
D:\Download2\tech\JavaScript30\19 - Webcam Fun\node_modules\uws\src\http.h(92,83): message : No user-defined-conversion operator available that can perform this conversion, or the operator cannot be called [D:\Download2\tech\JavaScript30\19 - Webcam Fun\node_modules\uws\build\uws.vcxproj]
C:\Users\Krita\AppData\Local\node-gyp\Cache\16.13.2\include\node\v8.h(7133,8): message : see declaration of 'v8::ObjectTemplate::SetAccessor' [D:\Download2\tech\JavaScript30\19 - Webcam Fun\node_modules\uws\build\uws.vcxproj]
D:\Download2\tech\JavaScript30\19 - Webcam Fun\node_modules\uws\src\http.h(93,1): error C2664: 'void v8::ObjectTemplate::SetAccessor(v8::Local<v8::String>,v8::AccessorGetterCallback,v8::AccessorSetterCallback,v8::Local<v8::Value>,v8::AccessControl,v8::PropertyAttribute,v8::Local<v8::AccessorSignature>,v8::SideEffectType,v8::SideEffectType)': cannot convert argument 1 from 'v8::MaybeLocal<v8::String>' to 'v8::Local<v8::String>' [D:\Download2\tech\JavaScript30\19 - Webcam Fun\node_modules\uws\build\uws.vcxproj]
D:\Download2\tech\JavaScript30\19 - Webcam Fun\node_modules\uws\src\http.h(93,83): message : No user-defined-conversion operator available that can perform this conversion, or the operator cannot be called [D:\Download2\tech\JavaScript30\19 - Webcam Fun\node_modules\uws\build\uws.vcxproj]
C:\Users\Krita\AppData\Local\node-gyp\Cache\16.13.2\include\node\v8.h(7133,8): message : see declaration of 'v8::ObjectTemplate::SetAccessor' [D:\Download2\tech\JavaScript30\19 - Webcam Fun\node_modules\uws\build\uws.vcxproj]
D:\Download2\tech\JavaScript30\19 - Webcam Fun\node_modules\uws\src\http.h(94,1): error C2664: 'void v8::Template::Set(v8::Local<v8::Name>,v8::Local<v8::Data>,v8::PropertyAttribute)': cannot convert argument 1 from 'v8::MaybeLocal<v8::String>' to 'v8::Local<v8::Name>' [D:\Download2\tech\JavaScript30\19 - Webcam Fun\node_modules\uws\build\uws.vcxproj]
D:\Download2\tech\JavaScript30\19 - Webcam Fun\node_modules\uws\src\http.h(94,75): message : No user-defined-conversion operator available that can perform this conversion, or the operator cannot be called [D:\Download2\tech\JavaScript30\19 - Webcam Fun\node_modules\uws\build\uws.vcxproj]
C:\Users\Krita\AppData\Local\node-gyp\Cache\16.13.2\include\node\v8.h(6347,8): message : see declaration of 'v8::Template::Set' [D:\Download2\tech\JavaScript30\19 - Webcam Fun\node_modules\uws\build\uws.vcxproj]
D:\Download2\tech\JavaScript30\19 - Webcam Fun\node_modules\uws\src\http.h(95,1): error C2664: 'void v8::Template::Set(v8::Local<v8::Name>,v8::Local<v8::Data>,v8::PropertyAttribute)': cannot convert argument 1 from 'v8::MaybeLocal<v8::String>' to 'v8::Local<v8::Name>' [D:\Download2\tech\JavaScript30\19 - Webcam Fun\node_modules\uws\build\uws.vcxproj]
D:\Download2\tech\JavaScript30\19 - Webcam Fun\node_modules\uws\src\http.h(95,75): message : No user-defined-conversion operator available that can perform this conversion, or the operator cannot be called [D:\Download2\tech\JavaScript30\19 - Webcam Fun\node_modules\uws\build\uws.vcxproj]
C:\Users\Krita\AppData\Local\node-gyp\Cache\16.13.2\include\node\v8.h(6347,8): message : see declaration of 'v8::Template::Set' [D:\Download2\tech\JavaScript30\19 - Webcam Fun\node_modules\uws\build\uws.vcxproj]
D:\Download2\tech\JavaScript30\19 - Webcam Fun\node_modules\uws\src\http.h(96,1): error C2664: 'void v8::Template::Set(v8::Local<v8::Name>,v8::Local<v8::Data>,v8::PropertyAttribute)': cannot convert argument 1 from 'v8::MaybeLocal<v8::String>' to 'v8::Local<v8::Name>' [D:\Download2\tech\JavaScript30\19 - Webcam Fun\node_modules\uws\build\uws.vcxproj]
D:\Download2\tech\JavaScript30\19 - Webcam Fun\node_modules\uws\src\http.h(96,75): message : No user-defined-conversion operator available that can perform this conversion, or the operator cannot be called [D:\Download2\tech\JavaScript30\19 - Webcam Fun\node_modules\uws\build\uws.vcxproj]
C:\Users\Krita\AppData\Local\node-gyp\Cache\16.13.2\include\node\v8.h(6347,8): message : see declaration of 'v8::Template::Set' [D:\Download2\tech\JavaScript30\19 - Webcam Fun\node_modules\uws\build\uws.vcxproj]
D:\Download2\tech\JavaScript30\19 - Webcam Fun\node_modules\uws\src\http.h(97,1): error C2664: 'void v8::Template::Set(v8::Local<v8::Name>,v8::Local<v8::Data>,v8::PropertyAttribute)': cannot convert argument 1 from 'v8::MaybeLocal<v8::String>' to 'v8::Local<v8::Name>' [D:\Download2\tech\JavaScript30\19 - Webcam Fun\node_modules\uws\build\uws.vcxproj]
D:\Download2\tech\JavaScript30\19 - Webcam Fun\node_modules\uws\src\http.h(97,75): message : No user-defined-conversion operator available that can perform this conversion, or the operator cannot be called [D:\Download2\tech\JavaScript30\19 - Webcam Fun\node_modules\uws\build\uws.vcxproj]
C:\Users\Krita\AppData\Local\node-gyp\Cache\16.13.2\include\node\v8.h(6347,8): message : see declaration of 'v8::Template::Set' [D:\Download2\tech\JavaScript30\19 - Webcam Fun\node_modules\uws\build\uws.vcxproj]
D:\Download2\tech\JavaScript30\19 - Webcam Fun\node_modules\uws\src\http.h(99,1): error C2660: 'v8::FunctionTemplate::GetFunction': function does not take 0 arguments [D:\Download2\tech\JavaScript30\19 - Webcam Fun\node_modules\uws\build\uws.vcxproj]
C:\Users\Krita\AppData\Local\node-gyp\Cache\16.13.2\include\node\v8.h(6802,46): message : see declaration of 'v8::FunctionTemplate::GetFunction' [D:\Download2\tech\JavaScript30\19 - Webcam Fun\node_modules\uws\build\uws.vcxproj]
D:\Download2\tech\JavaScript30\19 - Webcam Fun\node_modules\uws\src\http.h(102,30): error C2039: 'SetNamedPropertyHandler': is not a member of 'v8::ObjectTemplate' [D:\Download2\tech\JavaScript30\19 - Webcam Fun\node_modules\uws\build\uws.vcxproj]
C:\Users\Krita\AppData\Local\node-gyp\Cache\16.13.2\include\node\v8.h(7094): message : see declaration of 'v8::ObjectTemplate' [D:\Download2\tech\JavaScript30\19 - Webcam Fun\node_modules\uws\build\uws.vcxproj]
D:\Download2\tech\JavaScript30\19 - Webcam Fun\node_modules\uws\src\http.h(104,1): error C2660: 'v8::ObjectTemplate::NewInstance': function does not take 0 arguments [D:\Download2\tech\JavaScript30\19 - Webcam Fun\node_modules\uws\build\uws.vcxproj]
C:\Users\Krita\AppData\Local\node-gyp\Cache\16.13.2\include\node\v8.h(7102,44): message : see declaration of 'v8::ObjectTemplate::NewInstance' [D:\Download2\tech\JavaScript30\19 - Webcam Fun\node_modules\uws\build\uws.vcxproj]
D:\Download2\tech\JavaScript30\19 - Webcam Fun\node_modules\uws\src\http.h(104,1): error C2661: 'v8::Object::Set': no overloaded function takes 1 arguments [D:\Download2\tech\JavaScript30\19 - Webcam Fun\node_modules\uws\build\uws.vcxproj]
D:\Download2\tech\JavaScript30\19 - Webcam Fun\node_modules\uws\src\http.h(137,1): error C2660: 'v8::Value::IntegerValue': function does not take 0 arguments [D:\Download2\tech\JavaScript30\19 - Webcam Fun\node_modules\uws\build\uws.vcxproj]
C:\Users\Krita\AppData\Local\node-gyp\Cache\16.13.2\include\node\v8.h(3101,40): message : see declaration of 'v8::Value::IntegerValue' [D:\Download2\tech\JavaScript30\19 - Webcam Fun\node_modules\uws\build\uws.vcxproj]
D:\Download2\tech\JavaScript30\19 - Webcam Fun\node_modules\uws\src\http.h(147,1): error C2660: 'v8::Value::ToObject': function does not take 0 arguments [D:\Download2\tech\JavaScript30\19 - Webcam Fun\node_modules\uws\build\uws.vcxproj]
C:\Users\Krita\AppData\Local\node-gyp\Cache\16.13.2\include\node\v8.h(3060,44): message : see declaration of 'v8::Value::ToObject' [D:\Download2\tech\JavaScript30\19 - Webcam Fun\node_modules\uws\build\uws.vcxproj]
D:\Download2\tech\JavaScript30\19 - Webcam Fun\node_modules\uws\src\http.h(148,1): error C2661: 'v8::Object::GetOwnPropertyNames': no overloaded function takes 0 arguments [D:\Download2\tech\JavaScript30\19 - Webcam Fun\node_modules\uws\build\uws.vcxproj]
D:\Download2\tech\JavaScript30\19 - Webcam Fun\node_modules\uws\src\http.h(149,39): warning C4018: '<': signed/unsigned mismatch [D:\Download2\tech\JavaScript30\19 - Webcam Fun\node_modules\uws\build\uws.vcxproj]
D:\Download2\tech\JavaScript30\19 - Webcam Fun\node_modules\uws\src\http.h(150,1): error C2661: 'v8::Object::Get': no overloaded function takes 1 arguments [D:\Download2\tech\JavaScript30\19 - Webcam Fun\node_modules\uws\build\uws.vcxproj]
D:\Download2\tech\JavaScript30\19 - Webcam Fun\node_modules\uws\src\http.h(151,1): error C2661: 'v8::Object::Get': no overloaded function takes 1 arguments [D:\Download2\tech\JavaScript30\19 - Webcam Fun\node_modules\uws\build\uws.vcxproj]
D:\Download2\tech\JavaScript30\19 - Webcam Fun\node_modules\uws\src\http.h(188,1): error C2664: 'void v8::FunctionTemplate::SetClassName(v8::Local<v8::String>)': cannot convert argument 1 from 'v8::MaybeLocal<v8::String>' to 'v8::Local<v8::String>' [D:\Download2\tech\JavaScript30\19 - Webcam Fun\node_modules\uws\build\uws.vcxproj]
D:\Download2\tech\JavaScript30\19 - Webcam Fun\node_modules\uws\src\http.h(188,63): message : No user-defined-conversion operator available that can perform this conversion, or the operator cannot be called [D:\Download2\tech\JavaScript30\19 - Webcam Fun\node_modules\uws\build\uws.vcxproj]
C:\Users\Krita\AppData\Local\node-gyp\Cache\16.13.2\include\node\v8.h(6868,8): message : see declaration of 'v8::FunctionTemplate::SetClassName' [D:\Download2\tech\JavaScript30\19 - Webcam Fun\node_modules\uws\build\uws.vcxproj]
D:\Download2\tech\JavaScript30\19 - Webcam Fun\node_modules\uws\src\http.h(190,1): error C2664: 'void v8::Template::Set(v8::Local<v8::Name>,v8::Local<v8::Data>,v8::PropertyAttribute)': cannot convert argument 1 from 'v8::MaybeLocal<v8::String>' to 'v8::Local<v8::Name>' [D:\Download2\tech\JavaScript30\19 - Webcam Fun\node_modules\uws\build\uws.vcxproj]
D:\Download2\tech\JavaScript30\19 - Webcam Fun\node_modules\uws\src\http.h(190,75): message : No user-defined-conversion operator available that can perform this conversion, or the operator cannot be called [D:\Download2\tech\JavaScript30\19 - Webcam Fun\node_modules\uws\build\uws.vcxproj]
C:\Users\Krita\AppData\Local\node-gyp\Cache\16.13.2\include\node\v8.h(6347,8): message : see declaration of 'v8::Template::Set' [D:\Download2\tech\JavaScript30\19 - Webcam Fun\node_modules\uws\build\uws.vcxproj]
D:\Download2\tech\JavaScript30\19 - Webcam Fun\node_modules\uws\src\http.h(191,1): error C2664: 'void v8::Template::Set(v8::Local<v8::Name>,v8::Local<v8::Data>,v8::PropertyAttribute)': cannot convert argument 1 from 'v8::MaybeLocal<v8::String>' to 'v8::Local<v8::Name>' [D:\Download2\tech\JavaScript30\19 - Webcam Fun\node_modules\uws\build\uws.vcxproj]
D:\Download2\tech\JavaScript30\19 - Webcam Fun\node_modules\uws\src\http.h(191,75): message : No user-defined-conversion operator available that can perform this conversion, or the operator cannot be called [D:\Download2\tech\JavaScript30\19 - Webcam Fun\node_modules\uws\build\uws.vcxproj]
C:\Users\Krita\AppData\Local\node-gyp\Cache\16.13.2\include\node\v8.h(6347,8): message : see declaration of 'v8::Template::Set' [D:\Download2\tech\JavaScript30\19 - Webcam Fun\node_modules\uws\build\uws.vcxproj]
D:\Download2\tech\JavaScript30\19 - Webcam Fun\node_modules\uws\src\http.h(192,1): error C2664: 'void v8::Template::Set(v8::Local<v8::Name>,v8::Local<v8::Data>,v8::PropertyAttribute)': cannot convert argument 1 from 'v8::MaybeLocal<v8::String>' to 'v8::Local<v8::Name>' [D:\Download2\tech\JavaScript30\19 - Webcam Fun\node_modules\uws\build\uws.vcxproj]
D:\Download2\tech\JavaScript30\19 - Webcam Fun\node_modules\uws\src\http.h(192,75): message : No user-defined-conversion operator available that can perform this conversion, or the operator cannot be called [D:\Download2\tech\JavaScript30\19 - Webcam Fun\node_modules\uws\build\uws.vcxproj]
C:\Users\Krita\AppData\Local\node-gyp\Cache\16.13.2\include\node\v8.h(6347,8): message : see declaration of 'v8::Template::Set' [D:\Download2\tech\JavaScript30\19 - Webcam Fun\node_modules\uws\build\uws.vcxproj]
D:\Download2\tech\JavaScript30\19 - Webcam Fun\node_modules\uws\src\http.h(193,1): error C2664: 'void v8::Template::Set(v8::Local<v8::Name>,v8::Local<v8::Data>,v8::PropertyAttribute)': cannot convert argument 1 from 'v8::MaybeLocal<v8::String>' to 'v8::Local<v8::Name>' [D:\Download2\tech\JavaScript30\19 - Webcam Fun\node_modules\uws\build\uws.vcxproj]
D:\Download2\tech\JavaScript30\19 - Webcam Fun\node_modules\uws\src\http.h(193,75): message : No user-defined-conversion operator available that can perform this conversion, or the operator cannot be called [D:\Download2\tech\JavaScript30\19 - Webcam Fun\node_modules\uws\build\uws.vcxproj]
C:\Users\Krita\AppData\Local\node-gyp\Cache\16.13.2\include\node\v8.h(6347,8): message : see declaration of 'v8::Template::Set' [D:\Download2\tech\JavaScript30\19 - Webcam Fun\node_modules\uws\build\uws.vcxproj]
D:\Download2\tech\JavaScript30\19 - Webcam Fun\node_modules\uws\src\http.h(194,1): error C2664: 'void v8::Template::Set(v8::Local<v8::Name>,v8::Local<v8::Data>,v8::PropertyAttribute)': cannot convert argument 1 from 'v8::MaybeLocal<v8::String>' to 'v8::Local<v8::Name>' [D:\Download2\tech\JavaScript30\19 - Webcam Fun\node_modules\uws\build\uws.vcxproj]
D:\Download2\tech\JavaScript30\19 - Webcam Fun\node_modules\uws\src\http.h(194,75): message : No user-defined-conversion operator available that can perform this conversion, or the operator cannot be called [D:\Download2\tech\JavaScript30\19 - Webcam Fun\node_modules\uws\build\uws.vcxproj]
C:\Users\Krita\AppData\Local\node-gyp\Cache\16.13.2\include\node\v8.h(6347,8): message : see declaration of 'v8::Template::Set' [D:\Download2\tech\JavaScript30\19 - Webcam Fun\node_modules\uws\build\uws.vcxproj]
D:\Download2\tech\JavaScript30\19 - Webcam Fun\node_modules\uws\src\http.h(195,1): error C2664: 'void v8::Template::Set(v8::Local<v8::Name>,v8::Local<v8::Data>,v8::PropertyAttribute)': cannot convert argument 1 from 'v8::MaybeLocal<v8::String>' to 'v8::Local<v8::Name>' [D:\Download2\tech\JavaScript30\19 - Webcam Fun\node_modules\uws\build\uws.vcxproj]
D:\Download2\tech\JavaScript30\19 - Webcam Fun\node_modules\uws\src\http.h(195,75): message : No user-defined-conversion operator available that can perform this conversion, or the operator cannot be called [D:\Download2\tech\JavaScript30\19 - Webcam Fun\node_modules\uws\build\uws.vcxproj]
C:\Users\Krita\AppData\Local\node-gyp\Cache\16.13.2\include\node\v8.h(6347,8): message : see declaration of 'v8::Template::Set' [D:\Download2\tech\JavaScript30\19 - Webcam Fun\node_modules\uws\build\uws.vcxproj]
D:\Download2\tech\JavaScript30\19 - Webcam Fun\node_modules\uws\src\http.h(196,1): error C2660: 'v8::FunctionTemplate::GetFunction': function does not take 0 arguments [D:\Download2\tech\JavaScript30\19 - Webcam Fun\node_modules\uws\build\uws.vcxproj]
C:\Users\Krita\AppData\Local\node-gyp\Cache\16.13.2\include\node\v8.h(6802,46): message : see declaration of 'v8::FunctionTemplate::GetFunction' [D:\Download2\tech\JavaScript30\19 - Webcam Fun\node_modules\uws\build\uws.vcxproj]
D:\Download2\tech\JavaScript30\19 - Webcam Fun\node_modules\uws\src\http.h(226,1): warning C4312: 'type cast': conversion from 'long' to 'void *' of greater size [D:\Download2\tech\JavaScript30\19 - Webcam Fun\node_modules\uws\build\uws.vcxproj]
D:\Download2\tech\JavaScript30\19 - Webcam Fun\node_modules\uws\src\http.h(227,116): error C2039: 'kNormalString': is not a member of 'v8::String' [D:\Download2\tech\JavaScript30\19 - Webcam Fun\node_modules\uws\build\uws.vcxproj]
C:\Users\Krita\AppData\Local\node-gyp\Cache\16.13.2\include\node\v8.h(3198): message : see declaration of 'v8::String' [D:\Download2\tech\JavaScript30\19 - Webcam Fun\node_modules\uws\build\uws.vcxproj]
D:\Download2\tech\JavaScript30\19 - Webcam Fun\node_modules\uws\src\http.h(227,1): error C2065: 'kNormalString': undeclared identifier [D:\Download2\tech\JavaScript30\19 - Webcam Fun\node_modules\uws\build\uws.vcxproj]
D:\Download2\tech\JavaScript30\19 - Webcam Fun\node_modules\uws\src\http.h(227,1): error C2660: 'v8::Object::SetInternalField': function does not take 1 arguments [D:\Download2\tech\JavaScript30\19 - Webcam Fun\node_modules\uws\build\uws.vcxproj]
C:\Users\Krita\AppData\Local\node-gyp\Cache\16.13.2\include\node\v8.h(4198,8): message : see declaration of 'v8::Object::SetInternalField' [D:\Download2\tech\JavaScript30\19 - Webcam Fun\node_modules\uws\build\uws.vcxproj]
D:\Download2\tech\JavaScript30\19 - Webcam Fun\node_modules\uws\src\http.h(230,1): error C2660: 'v8::Function::Call': function does not take 3 arguments [D:\Download2\tech\JavaScript30\19 - Webcam Fun\node_modules\uws\build\uws.vcxproj]
C:\Users\Krita\AppData\Local\node-gyp\Cache\16.13.2\include\node\v8.h(4776,43): message : see declaration of 'v8::Function::Call' [D:\Download2\tech\JavaScript30\19 - Webcam Fun\node_modules\uws\build\uws.vcxproj]
D:\Download2\tech\JavaScript30\19 - Webcam Fun\node_modules\uws\src\http.h(236,1): error C2660: 'v8::Function::Call': function does not take 3 arguments [D:\Download2\tech\JavaScript30\19 - Webcam Fun\node_modules\uws\build\uws.vcxproj]
C:\Users\Krita\AppData\Local\node-gyp\Cache\16.13.2\include\node\v8.h(4776,43): message : see declaration of 'v8::Function::Call' [D:\Download2\tech\JavaScript30\19 - Webcam Fun\node_modules\uws\build\uws.vcxproj]
D:\Download2\tech\JavaScript30\19 - Webcam Fun\node_modules\uws\src\http.h(242,1): error C2660: 'v8::Function::Call': function does not take 3 arguments [D:\Download2\tech\JavaScript30\19 - Webcam Fun\node_modules\uws\build\uws.vcxproj]
C:\Users\Krita\AppData\Local\node-gyp\Cache\16.13.2\include\node\v8.h(4776,43): message : see declaration of 'v8::Function::Call' [D:\Download2\tech\JavaScript30\19 - Webcam Fun\node_modules\uws\build\uws.vcxproj]
D:\Download2\tech\JavaScript30\19 - Webcam Fun\node_modules\uws\src\http.h(235,57): warning C4996: 'v8::ArrayBuffer::New': Use the version that takes a BackingStore. See http://crbug.com/v8/9908. [D:\Download2\tech\JavaScript30\19 - Webcam Fun\node_modules\uws\build\uws.vcxproj]
D:\Download2\tech\JavaScript30\19 - Webcam Fun\node_modules\uws\src\http.h(265,1): error C2660: 'v8::Function::Call': function does not take 3 arguments [D:\Download2\tech\JavaScript30\19 - Webcam Fun\node_modules\uws\build\uws.vcxproj]
C:\Users\Krita\AppData\Local\node-gyp\Cache\16.13.2\include\node\v8.h(4776,43): message : see declaration of 'v8::Function::Call' [D:\Download2\tech\JavaScript30\19 - Webcam Fun\node_modules\uws\build\uws.vcxproj]
D:\Download2\tech\JavaScript30\19 - Webcam Fun\node_modules\uws\src\http.h(280,1): error C2660: 'v8::Function::Call': function does not take 3 arguments [D:\Download2\tech\JavaScript30\19 - Webcam Fun\node_modules\uws\build\uws.vcxproj]
C:\Users\Krita\AppData\Local\node-gyp\Cache\16.13.2\include\node\v8.h(4776,43): message : see declaration of 'v8::Function::Call' [D:\Download2\tech\JavaScript30\19 - Webcam Fun\node_modules\uws\build\uws.vcxproj]
D:\Download2\tech\JavaScript30\19 - Webcam Fun\node_modules\uws\src\http.h(286,1): error C2660: 'v8::Function::Call': function does not take 3 arguments [D:\Download2\tech\JavaScript30\19 - Webcam Fun\node_modules\uws\build\uws.vcxproj]
C:\Users\Krita\AppData\Local\node-gyp\Cache\16.13.2\include\node\v8.h(4776,43): message : see declaration of 'v8::Function::Call' [D:\Download2\tech\JavaScript30\19 - Webcam Fun\node_modules\uws\build\uws.vcxproj]
D:\Download2\tech\JavaScript30\19 - Webcam Fun\node_modules\uws\src\http.h(279,53): warning C4996: 'v8::ArrayBuffer::New': Use the version that takes a BackingStore. See http://crbug.com/v8/9908. [D:\Download2\tech\JavaScript30\19 - Webcam Fun\node_modules\uws\build\uws.vcxproj]
D:\Download2\tech\JavaScript30\19 - Webcam Fun\node_modules\uws\src\http.h(293,1): error C2661: 'v8::Function::NewInstance': no overloaded function takes 0 arguments [D:\Download2\tech\JavaScript30\19 - Webcam Fun\node_modules\uws\build\uws.vcxproj]
D:\Download2\tech\JavaScript30\19 - Webcam Fun\node_modules\uws\src\http.h(308,1): error C2660: 'v8::Value::IntegerValue': function does not take 0 arguments [D:\Download2\tech\JavaScript30\19 - Webcam Fun\node_modules\uws\build\uws.vcxproj]
C:\Users\Krita\AppData\Local\node-gyp\Cache\16.13.2\include\node\v8.h(3101,40): message : see declaration of 'v8::Value::IntegerValue' [D:\Download2\tech\JavaScript30\19 - Webcam Fun\node_modules\uws\build\uws.vcxproj]
D:\Download2\tech\JavaScript30\19 - Webcam Fun\node_modules\uws\src\http.h(311,1): error C2660: 'v8::Function::Call': function does not take 3 arguments [D:\Download2\tech\JavaScript30\19 - Webcam Fun\node_modules\uws\build\uws.vcxproj]
C:\Users\Krita\AppData\Local\node-gyp\Cache\16.13.2\include\node\v8.h(4776,43): message : see declaration of 'v8::Function::Call' [D:\Download2\tech\JavaScript30\19 - Webcam Fun\node_modules\uws\build\uws.vcxproj]
D:\Download2\tech\JavaScript30\19 - Webcam Fun\node_modules\uws\src\http.h(320,1): error C2661: 'v8::Object::Get': no overloaded function takes 1 arguments [D:\Download2\tech\JavaScript30\19 - Webcam Fun\node_modules\uws\build\uws.vcxproj]
D:\Download2\tech\JavaScript30\19 - Webcam Fun\node_modules\uws\src\http.h(321,1): error C2661: 'v8::Object::Get': no overloaded function takes 1 arguments [D:\Download2\tech\JavaScript30\19 - Webcam Fun\node_modules\uws\build\uws.vcxproj]
D:\Download2\tech\JavaScript30\19 - Webcam Fun\node_modules\uws\src\http.h(327,1): error C2661: 'v8::Function::NewInstance': no overloaded function takes 0 arguments [D:\Download2\tech\JavaScript30\19 - Webcam Fun\node_modules\uws\build\uws.vcxproj]
D:\Download2\tech\JavaScript30\19 - Webcam Fun\node_modules\uws\src\http.h(343,1): error C2664: 'void v8::Template::Set(v8::Local<v8::Name>,v8::Local<v8::Data>,v8::PropertyAttribute)': cannot convert argument 1 from 'v8::MaybeLocal<v8::String>' to 'v8::Local<v8::Name>' [D:\Download2\tech\JavaScript30\19 - Webcam Fun\node_modules\uws\build\uws.vcxproj]
D:\Download2\tech\JavaScript30\19 - Webcam Fun\node_modules\uws\src\http.h(343,44): message : No user-defined-conversion operator available that can perform this conversion, or the operator cannot be called [D:\Download2\tech\JavaScript30\19 - Webcam Fun\node_modules\uws\build\uws.vcxproj]
C:\Users\Krita\AppData\Local\node-gyp\Cache\16.13.2\include\node\v8.h(6347,8): message : see declaration of 'v8::Template::Set' [D:\Download2\tech\JavaScript30\19 - Webcam Fun\node_modules\uws\build\uws.vcxproj]
D:\Download2\tech\JavaScript30\19 - Webcam Fun\node_modules\uws\src\http.h(344,1): error C2664: 'void v8::Template::Set(v8::Local<v8::Name>,v8::Local<v8::Data>,v8::PropertyAttribute)': cannot convert argument 1 from 'v8::MaybeLocal<v8::String>' to 'v8::Local<v8::Name>' [D:\Download2\tech\JavaScript30\19 - Webcam Fun\node_modules\uws\build\uws.vcxproj]
D:\Download2\tech\JavaScript30\19 - Webcam Fun\node_modules\uws\src\http.h(344,44): message : No user-defined-conversion operator available that can perform this conversion, or the operator cannot be called [D:\Download2\tech\JavaScript30\19 - Webcam Fun\node_modules\uws\build\uws.vcxproj]
C:\Users\Krita\AppData\Local\node-gyp\Cache\16.13.2\include\node\v8.h(6347,8): message : see declaration of 'v8::Template::Set' [D:\Download2\tech\JavaScript30\19 - Webcam Fun\node_modules\uws\build\uws.vcxproj]
D:\Download2\tech\JavaScript30\19 - Webcam Fun\node_modules\uws\src\http.h(345,1): error C2664: 'void v8::Template::Set(v8::Local<v8::Name>,v8::Local<v8::Data>,v8::PropertyAttribute)': cannot convert argument 1 from 'v8::MaybeLocal<v8::String>' to 'v8::Local<v8::Name>' [D:\Download2\tech\JavaScript30\19 - Webcam Fun\node_modules\uws\build\uws.vcxproj]
D:\Download2\tech\JavaScript30\19 - Webcam Fun\node_modules\uws\src\http.h(345,44): message : No user-defined-conversion operator available that can perform this conversion, or the operator cannot be called [D:\Download2\tech\JavaScript30\19 - Webcam Fun\node_modules\uws\build\uws.vcxproj]
C:\Users\Krita\AppData\Local\node-gyp\Cache\16.13.2\include\node\v8.h(6347,8): message : see declaration of 'v8::Template::Set' [D:\Download2\tech\JavaScript30\19 - Webcam Fun\node_modules\uws\build\uws.vcxproj]
D:\Download2\tech\JavaScript30\19 - Webcam Fun\node_modules\uws\src\http.h(346,1): error C2664: 'void v8::Template::Set(v8::Local<v8::Name>,v8::Local<v8::Data>,v8::PropertyAttribute)': cannot convert argument 1 from 'v8::MaybeLocal<v8::String>' to 'v8::Local<v8::Name>' [D:\Download2\tech\JavaScript30\19 - Webcam Fun\node_modules\uws\build\uws.vcxproj]
D:\Download2\tech\JavaScript30\19 - Webcam Fun\node_modules\uws\src\http.h(346,44): message : No user-defined-conversion operator available that can perform this conversion, or the operator cannot be called [D:\Download2\tech\JavaScript30\19 - Webcam Fun\node_modules\uws\build\uws.vcxproj]
C:\Users\Krita\AppData\Local\node-gyp\Cache\16.13.2\include\node\v8.h(6347,8): message : see declaration of 'v8::Template::Set' [D:\Download2\tech\JavaScript30\19 - Webcam Fun\node_modules\uws\build\uws.vcxproj]
D:\Download2\tech\JavaScript30\19 - Webcam Fun\node_modules\uws\src\http.h(347,1): error C2664: 'void v8::Template::Set(v8::Local<v8::Name>,v8::Local<v8::Data>,v8::PropertyAttribute)': cannot convert argument 1 from 'v8::MaybeLocal<v8::String>' to 'v8::Local<v8::Name>' [D:\Download2\tech\JavaScript30\19 - Webcam Fun\node_modules\uws\build\uws.vcxproj]
D:\Download2\tech\JavaScript30\19 - Webcam Fun\node_modules\uws\src\http.h(347,65): message : No user-defined-conversion operator available that can perform this conversion, or the operator cannot be called [D:\Download2\tech\JavaScript30\19 - Webcam Fun\node_modules\uws\build\uws.vcxproj]
C:\Users\Krita\AppData\Local\node-gyp\Cache\16.13.2\include\node\v8.h(6347,8): message : see declaration of 'v8::Template::Set' [D:\Download2\tech\JavaScript30\19 - Webcam Fun\node_modules\uws\build\uws.vcxproj]
D:\Download2\tech\JavaScript30\19 - Webcam Fun\node_modules\uws\src\http.h(348,1): error C2664: 'void v8::Template::Set(v8::Local<v8::Name>,v8::Local<v8::Data>,v8::PropertyAttribute)': cannot convert argument 1 from 'v8::MaybeLocal<v8::String>' to 'v8::Local<v8::Name>' [D:\Download2\tech\JavaScript30\19 - Webcam Fun\node_modules\uws\build\uws.vcxproj]
D:\Download2\tech\JavaScript30\19 - Webcam Fun\node_modules\uws\src\http.h(348,65): message : No user-defined-conversion operator available that can perform this conversion, or the operator cannot be called [D:\Download2\tech\JavaScript30\19 - Webcam Fun\node_modules\uws\build\uws.vcxproj]
C:\Users\Krita\AppData\Local\node-gyp\Cache\16.13.2\include\node\v8.h(6347,8): message : see declaration of 'v8::Template::Set' [D:\Download2\tech\JavaScript30\19 - Webcam Fun\node_modules\uws\build\uws.vcxproj]
D:\Download2\tech\JavaScript30\19 - Webcam Fun\node_modules\uws\src\http.h(353,1): error C2660: 'v8::FunctionTemplate::GetFunction': function does not take 0 arguments [D:\Download2\tech\JavaScript30\19 - Webcam Fun\node_modules\uws\build\uws.vcxproj]
C:\Users\Krita\AppData\Local\node-gyp\Cache\16.13.2\include\node\v8.h(6802,46): message : see declaration of 'v8::FunctionTemplate::GetFunction' [D:\Download2\tech\JavaScript30\19 - Webcam Fun\node_modules\uws\build\uws.vcxproj]
D:\Download2\tech\JavaScript30\19 - Webcam Fun\node_modules\uws\src\addon.cpp(8,96): error C2661: 'v8::Object::Set': no overloaded function takes 2 arguments [D:\Download2\tech\JavaScript30\19 - Webcam Fun\node_modules\uws\build\uws.vcxproj]
D:\Download2\tech\JavaScript30\19 - Webcam Fun\node_modules\uws\src\addon.cpp(9,96): error C2661: 'v8::Object::Set': no overloaded function takes 2 arguments [D:\Download2\tech\JavaScript30\19 - Webcam Fun\node_modules\uws\build\uws.vcxproj]
D:\Download2\tech\JavaScript30\19 - Webcam Fun\node_modules\uws\src\addon.cpp(10,96): error C2661: 'v8::Object::Set': no overloaded function takes 2 arguments [D:\Download2\tech\JavaScript30\19 - Webcam Fun\node_modules\uws\build\uws.vcxproj]
gyp ERR! build error 
gyp ERR! stack Error: `C:\Program Files (x86)\Microsoft Visual Studio\2019\BuildTools\MSBuild\Current\Bin\MSBuild.exe` failed with exit code: 1
gyp ERR! stack     at ChildProcess.onExit (C:\Program Files\nodejs\node_modules\npm\node_modules\node-gyp\lib\build.js:194:23)
gyp ERR! stack     at ChildProcess.emit (node:events:390:28)
gyp ERR! stack     at Process.ChildProcess._handle.onexit (node:internal/child_process:290:12)
gyp ERR! System Windows_NT 10.0.19044
gyp ERR! command "C:\\Program Files\\nodejs\\node.exe" "C:\\Program Files\\nodejs\\node_modules\\npm\\node_modules\\node-gyp\\bin\\node-gyp.js" "rebuild"
gyp ERR! cwd D:\Download2\tech\JavaScript30\19 - Webcam Fun\node_modules\uws
gyp ERR! node -v v16.13.2
gyp ERR! node-gyp -v v8.3.0
gyp ERR! not ok 
